[2018-05-18 16:28:06.979] [main] INFO  org.reflections.Reflections[229,Reflections.java] - Reflections took 60 ms to scan 1 urls, producing 21 keys and 29 values 
[2018-05-18 16:28:07.043] [main] INFO  org.quartz.impl.StdSchedulerFactory[1208,StdSchedulerFactory.java] - Using default implementation for ThreadExecutor
[2018-05-18 16:28:07.046] [main] INFO  org.quartz.simpl.SimpleThreadPool[268,SimpleThreadPool.java] - Job execution threads will use class loader of thread: main
[2018-05-18 16:28:07.055] [main] INFO  org.quartz.core.SchedulerSignalerImpl[61,SchedulerSignalerImpl.java] - Initialized Scheduler Signaller of type: class org.quartz.core.SchedulerSignalerImpl
[2018-05-18 16:28:07.056] [main] INFO  org.quartz.core.QuartzScheduler[229,QuartzScheduler.java] - Quartz Scheduler v.2.3.0 created.
[2018-05-18 16:28:07.057] [main] INFO  org.quartz.simpl.RAMJobStore[155,RAMJobStore.java] - RAMJobStore initialized.
[2018-05-18 16:28:07.058] [main] INFO  org.quartz.core.QuartzScheduler[294,QuartzScheduler.java] - Scheduler meta-data: Quartz Scheduler (v2.3.0) 'DefaultQuartzScheduler' with instanceId 'NON_CLUSTERED'
  Scheduler class: 'org.quartz.core.QuartzScheduler' - running locally.
  NOT STARTED.
  Currently in standby mode.
  Number of jobs executed: 0
  Using thread pool 'org.quartz.simpl.SimpleThreadPool' - with 10 threads.
  Using job-store 'org.quartz.simpl.RAMJobStore' - which does not support persistence. and is not clustered.

[2018-05-18 16:28:07.058] [main] INFO  org.quartz.impl.StdSchedulerFactory[1362,StdSchedulerFactory.java] - Quartz scheduler 'DefaultQuartzScheduler' initialized from default resource file in Quartz package: 'quartz.properties'
[2018-05-18 16:28:07.058] [main] INFO  org.quartz.impl.StdSchedulerFactory[1366,StdSchedulerFactory.java] - Quartz scheduler version: 2.3.0
[2018-05-18 16:28:07.332] [main] INFO  org.quartz.core.QuartzScheduler[547,QuartzScheduler.java] - Scheduler DefaultQuartzScheduler_$_NON_CLUSTERED started.
[2018-05-18 16:28:07.621] [main] INFO  com.jdddata.middleware.databus.DataBusApplication[50,StartupInfoLogger.java] - Starting DataBusApplication on DESKTOP-TQUEQDC with PID 4964 (E:\Code1\data-bus\target\classes started by gezhiwei in E:\Code1\data-bus)
[2018-05-18 16:28:07.621] [main] DEBUG com.jdddata.middleware.databus.DataBusApplication[53,StartupInfoLogger.java] - Running with Spring Boot v2.0.1.RELEASE, Spring v5.0.5.RELEASE
[2018-05-18 16:28:07.622] [main] INFO  com.jdddata.middleware.databus.DataBusApplication[659,SpringApplication.java] - No active profile set, falling back to default profiles: default
[2018-05-18 16:28:07.649] [main] INFO  org.springframework.boot.web.servlet.context.AnnotationConfigServletWebServerApplicationContext[590,AbstractApplicationContext.java] - Refreshing org.springframework.boot.web.servlet.context.AnnotationConfigServletWebServerApplicationContext@63cd604c: startup date [Fri May 18 16:28:07 CST 2018]; root of context hierarchy
[2018-05-18 16:28:08.344] [main] INFO  org.springframework.boot.web.embedded.tomcat.TomcatWebServer[91,TomcatWebServer.java] - Tomcat initialized with port(s): 8084 (http)
[2018-05-18 16:28:08.352] [main] INFO  org.apache.coyote.http11.Http11NioProtocol[180,DirectJDKLog.java] - Initializing ProtocolHandler ["http-nio-8084"]
[2018-05-18 16:28:08.359] [main] INFO  org.apache.catalina.core.StandardService[180,DirectJDKLog.java] - Starting service [Tomcat]
[2018-05-18 16:28:08.359] [main] INFO  org.apache.catalina.core.StandardEngine[180,DirectJDKLog.java] - Starting Servlet Engine: Apache Tomcat/8.5.29
[2018-05-18 16:28:08.362] [localhost-startStop-1] INFO  org.apache.catalina.core.AprLifecycleListener[180,DirectJDKLog.java] - The APR based Apache Tomcat Native library which allows optimal performance in production environments was not found on the java.library.path: [C:\Program Files\Java\jdk1.8.0_152\bin;C:\Windows\Sun\Java\bin;C:\Windows\system32;C:\Windows;C:\ProgramData\Oracle\Java\javapath;C:\Windows\system32;C:\Windows;C:\Windows\System32\Wbem;C:\Windows\System32\WindowsPowerShell\v1.0\;C:\Program Files\Java\jdk1.8.0_152\bin;D:\apache-maven-3.5.0\bin;D:\Program Files\Git\cmd;D:\Program Files\nodejs\;C:\Program Files\CMake\bin;D:\Program Files\TortoiseHg\;D:\gradle-4.7\bin;C:\Program Files\dotnet\;C:\Users\gezhiwei\AppData\Local\Microsoft\WindowsApps;C:\Users\gezhiwei\AppData\Roaming\npm;.]
[2018-05-18 16:28:08.468] [localhost-startStop-1] INFO  org.apache.catalina.core.ContainerBase.[Tomcat].[localhost].[/][180,DirectJDKLog.java] - Initializing Spring embedded WebApplicationContext
[2018-05-18 16:28:08.468] [localhost-startStop-1] INFO  org.springframework.web.context.ContextLoader[285,ServletWebServerApplicationContext.java] - Root WebApplicationContext: initialization completed in 819 ms
[2018-05-18 16:28:08.552] [localhost-startStop-1] INFO  org.springframework.boot.web.servlet.ServletRegistrationBean[185,ServletRegistrationBean.java] - Servlet dispatcherServlet mapped to [/]
[2018-05-18 16:28:08.556] [localhost-startStop-1] INFO  org.springframework.boot.web.servlet.FilterRegistrationBean[244,AbstractFilterRegistrationBean.java] - Mapping filter: 'characterEncodingFilter' to: [/*]
[2018-05-18 16:28:08.556] [localhost-startStop-1] INFO  org.springframework.boot.web.servlet.FilterRegistrationBean[244,AbstractFilterRegistrationBean.java] - Mapping filter: 'hiddenHttpMethodFilter' to: [/*]
[2018-05-18 16:28:08.556] [localhost-startStop-1] INFO  org.springframework.boot.web.servlet.FilterRegistrationBean[244,AbstractFilterRegistrationBean.java] - Mapping filter: 'httpPutFormContentFilter' to: [/*]
[2018-05-18 16:28:08.556] [localhost-startStop-1] INFO  org.springframework.boot.web.servlet.FilterRegistrationBean[244,AbstractFilterRegistrationBean.java] - Mapping filter: 'requestContextFilter' to: [/*]
[2018-05-18 16:28:08.640] [main] INFO  org.springframework.web.servlet.handler.SimpleUrlHandlerMapping[373,AbstractUrlHandlerMapping.java] - Mapped URL path [/**/favicon.ico] onto handler of type [class org.springframework.web.servlet.resource.ResourceHttpRequestHandler]
[2018-05-18 16:28:08.784] [main] INFO  org.springframework.web.servlet.mvc.method.annotation.RequestMappingHandlerAdapter[574,RequestMappingHandlerAdapter.java] - Looking for @ControllerAdvice: org.springframework.boot.web.servlet.context.AnnotationConfigServletWebServerApplicationContext@63cd604c: startup date [Fri May 18 16:28:07 CST 2018]; root of context hierarchy
[2018-05-18 16:28:08.829] [main] INFO  org.springframework.web.servlet.mvc.method.annotation.RequestMappingHandlerMapping[547,AbstractHandlerMethodMapping.java] - Mapped "{[/config/test],methods=[GET]}" onto public java.lang.String com.jdddata.middleware.databus.manager.controller.ConfigController.getTest()
[2018-05-18 16:28:08.831] [main] INFO  org.springframework.web.servlet.mvc.method.annotation.RequestMappingHandlerMapping[547,AbstractHandlerMethodMapping.java] - Mapped "{[/config/upload],methods=[POST]}" onto public java.lang.String com.jdddata.middleware.databus.manager.controller.ConfigController.uploadConfigFile(org.springframework.web.multipart.MultipartFile)
[2018-05-18 16:28:08.831] [main] INFO  org.springframework.web.servlet.mvc.method.annotation.RequestMappingHandlerMapping[547,AbstractHandlerMethodMapping.java] - Mapped "{[/canal/stop/{contextName}],methods=[POST]}" onto public org.springframework.http.ResponseEntity<java.util.Map<java.lang.String, java.lang.Object>> com.jdddata.middleware.databus.manager.controller.ManagerController.stopCanal(java.lang.String)
[2018-05-18 16:28:08.831] [main] INFO  org.springframework.web.servlet.mvc.method.annotation.RequestMappingHandlerMapping[547,AbstractHandlerMethodMapping.java] - Mapped "{[/canal/start/{contextName}],methods=[POST]}" onto public org.springframework.http.ResponseEntity<java.util.Map<java.lang.String, java.lang.Object>> com.jdddata.middleware.databus.manager.controller.ManagerController.startCanal(java.lang.String)
[2018-05-18 16:28:08.833] [main] INFO  org.springframework.web.servlet.mvc.method.annotation.RequestMappingHandlerMapping[547,AbstractHandlerMethodMapping.java] - Mapped "{[/error]}" onto public org.springframework.http.ResponseEntity<java.util.Map<java.lang.String, java.lang.Object>> org.springframework.boot.autoconfigure.web.servlet.error.BasicErrorController.error(javax.servlet.http.HttpServletRequest)
[2018-05-18 16:28:08.833] [main] INFO  org.springframework.web.servlet.mvc.method.annotation.RequestMappingHandlerMapping[547,AbstractHandlerMethodMapping.java] - Mapped "{[/error],produces=[text/html]}" onto public org.springframework.web.servlet.ModelAndView org.springframework.boot.autoconfigure.web.servlet.error.BasicErrorController.errorHtml(javax.servlet.http.HttpServletRequest,javax.servlet.http.HttpServletResponse)
[2018-05-18 16:28:08.861] [main] INFO  org.springframework.web.servlet.handler.SimpleUrlHandlerMapping[373,AbstractUrlHandlerMapping.java] - Mapped URL path [/webjars/**] onto handler of type [class org.springframework.web.servlet.resource.ResourceHttpRequestHandler]
[2018-05-18 16:28:08.861] [main] INFO  org.springframework.web.servlet.handler.SimpleUrlHandlerMapping[373,AbstractUrlHandlerMapping.java] - Mapped URL path [/**] onto handler of type [class org.springframework.web.servlet.resource.ResourceHttpRequestHandler]
[2018-05-18 16:28:08.988] [main] INFO  org.springframework.jmx.export.annotation.AnnotationMBeanExporter[433,MBeanExporter.java] - Registering beans for JMX exposure on startup
[2018-05-18 16:28:08.998] [main] INFO  org.apache.coyote.http11.Http11NioProtocol[180,DirectJDKLog.java] - Starting ProtocolHandler ["http-nio-8084"]
[2018-05-18 16:28:09.006] [main] INFO  org.apache.tomcat.util.net.NioSelectorPool[180,DirectJDKLog.java] - Using a shared selector for servlet write/read
[2018-05-18 16:28:09.018] [main] INFO  org.springframework.boot.web.embedded.tomcat.TomcatWebServer[206,TomcatWebServer.java] - Tomcat started on port(s): 8084 (http) with context path ''
[2018-05-18 16:28:09.020] [main] INFO  com.jdddata.middleware.databus.DataBusApplication[59,StartupInfoLogger.java] - Started DataBusApplication in 1.643 seconds (JVM running for 2.706)
[2018-05-18 16:29:38.765] [main] INFO  org.reflections.Reflections[229,Reflections.java] - Reflections took 39 ms to scan 1 urls, producing 21 keys and 29 values 
[2018-05-18 16:29:38.817] [main] INFO  org.quartz.impl.StdSchedulerFactory[1208,StdSchedulerFactory.java] - Using default implementation for ThreadExecutor
[2018-05-18 16:29:38.818] [main] INFO  org.quartz.simpl.SimpleThreadPool[268,SimpleThreadPool.java] - Job execution threads will use class loader of thread: main
[2018-05-18 16:29:38.828] [main] INFO  org.quartz.core.SchedulerSignalerImpl[61,SchedulerSignalerImpl.java] - Initialized Scheduler Signaller of type: class org.quartz.core.SchedulerSignalerImpl
[2018-05-18 16:29:38.828] [main] INFO  org.quartz.core.QuartzScheduler[229,QuartzScheduler.java] - Quartz Scheduler v.2.3.0 created.
[2018-05-18 16:29:38.829] [main] INFO  org.quartz.simpl.RAMJobStore[155,RAMJobStore.java] - RAMJobStore initialized.
[2018-05-18 16:29:38.830] [main] INFO  org.quartz.core.QuartzScheduler[294,QuartzScheduler.java] - Scheduler meta-data: Quartz Scheduler (v2.3.0) 'DefaultQuartzScheduler' with instanceId 'NON_CLUSTERED'
  Scheduler class: 'org.quartz.core.QuartzScheduler' - running locally.
  NOT STARTED.
  Currently in standby mode.
  Number of jobs executed: 0
  Using thread pool 'org.quartz.simpl.SimpleThreadPool' - with 10 threads.
  Using job-store 'org.quartz.simpl.RAMJobStore' - which does not support persistence. and is not clustered.

[2018-05-18 16:29:38.830] [main] INFO  org.quartz.impl.StdSchedulerFactory[1362,StdSchedulerFactory.java] - Quartz scheduler 'DefaultQuartzScheduler' initialized from default resource file in Quartz package: 'quartz.properties'
[2018-05-18 16:29:38.830] [main] INFO  org.quartz.impl.StdSchedulerFactory[1366,StdSchedulerFactory.java] - Quartz scheduler version: 2.3.0
[2018-05-18 16:29:39.066] [main] INFO  org.quartz.core.QuartzScheduler[547,QuartzScheduler.java] - Scheduler DefaultQuartzScheduler_$_NON_CLUSTERED started.
[2018-05-18 16:29:39.342] [main] INFO  com.jdddata.middleware.databus.DataBusApplication[50,StartupInfoLogger.java] - Starting DataBusApplication on DESKTOP-TQUEQDC with PID 15836 (E:\Code1\data-bus\target\classes started by gezhiwei in E:\Code1\data-bus)
[2018-05-18 16:29:39.343] [main] DEBUG com.jdddata.middleware.databus.DataBusApplication[53,StartupInfoLogger.java] - Running with Spring Boot v2.0.1.RELEASE, Spring v5.0.5.RELEASE
[2018-05-18 16:29:39.344] [main] INFO  com.jdddata.middleware.databus.DataBusApplication[659,SpringApplication.java] - No active profile set, falling back to default profiles: default
[2018-05-18 16:29:39.373] [main] INFO  org.springframework.boot.web.servlet.context.AnnotationConfigServletWebServerApplicationContext[590,AbstractApplicationContext.java] - Refreshing org.springframework.boot.web.servlet.context.AnnotationConfigServletWebServerApplicationContext@5ae76500: startup date [Fri May 18 16:29:39 CST 2018]; root of context hierarchy
[2018-05-18 16:29:40.104] [main] INFO  org.springframework.boot.web.embedded.tomcat.TomcatWebServer[91,TomcatWebServer.java] - Tomcat initialized with port(s): 8084 (http)
[2018-05-18 16:29:40.113] [main] INFO  org.apache.coyote.http11.Http11NioProtocol[180,DirectJDKLog.java] - Initializing ProtocolHandler ["http-nio-8084"]
[2018-05-18 16:29:40.118] [main] INFO  org.apache.catalina.core.StandardService[180,DirectJDKLog.java] - Starting service [Tomcat]
[2018-05-18 16:29:40.118] [main] INFO  org.apache.catalina.core.StandardEngine[180,DirectJDKLog.java] - Starting Servlet Engine: Apache Tomcat/8.5.29
[2018-05-18 16:29:40.121] [localhost-startStop-1] INFO  org.apache.catalina.core.AprLifecycleListener[180,DirectJDKLog.java] - The APR based Apache Tomcat Native library which allows optimal performance in production environments was not found on the java.library.path: [C:\Program Files\Java\jdk1.8.0_152\bin;C:\Windows\Sun\Java\bin;C:\Windows\system32;C:\Windows;C:\ProgramData\Oracle\Java\javapath;C:\Windows\system32;C:\Windows;C:\Windows\System32\Wbem;C:\Windows\System32\WindowsPowerShell\v1.0\;C:\Program Files\Java\jdk1.8.0_152\bin;D:\apache-maven-3.5.0\bin;D:\Program Files\Git\cmd;D:\Program Files\nodejs\;C:\Program Files\CMake\bin;D:\Program Files\TortoiseHg\;D:\gradle-4.7\bin;C:\Program Files\dotnet\;C:\Users\gezhiwei\AppData\Local\Microsoft\WindowsApps;C:\Users\gezhiwei\AppData\Roaming\npm;.]
[2018-05-18 16:29:40.226] [localhost-startStop-1] INFO  org.apache.catalina.core.ContainerBase.[Tomcat].[localhost].[/][180,DirectJDKLog.java] - Initializing Spring embedded WebApplicationContext
[2018-05-18 16:29:40.226] [localhost-startStop-1] INFO  org.springframework.web.context.ContextLoader[285,ServletWebServerApplicationContext.java] - Root WebApplicationContext: initialization completed in 853 ms
[2018-05-18 16:29:40.315] [localhost-startStop-1] INFO  org.springframework.boot.web.servlet.ServletRegistrationBean[185,ServletRegistrationBean.java] - Servlet dispatcherServlet mapped to [/]
[2018-05-18 16:29:40.319] [localhost-startStop-1] INFO  org.springframework.boot.web.servlet.FilterRegistrationBean[244,AbstractFilterRegistrationBean.java] - Mapping filter: 'characterEncodingFilter' to: [/*]
[2018-05-18 16:29:40.319] [localhost-startStop-1] INFO  org.springframework.boot.web.servlet.FilterRegistrationBean[244,AbstractFilterRegistrationBean.java] - Mapping filter: 'hiddenHttpMethodFilter' to: [/*]
[2018-05-18 16:29:40.319] [localhost-startStop-1] INFO  org.springframework.boot.web.servlet.FilterRegistrationBean[244,AbstractFilterRegistrationBean.java] - Mapping filter: 'httpPutFormContentFilter' to: [/*]
[2018-05-18 16:29:40.319] [localhost-startStop-1] INFO  org.springframework.boot.web.servlet.FilterRegistrationBean[244,AbstractFilterRegistrationBean.java] - Mapping filter: 'requestContextFilter' to: [/*]
[2018-05-18 16:29:40.408] [main] INFO  org.springframework.web.servlet.handler.SimpleUrlHandlerMapping[373,AbstractUrlHandlerMapping.java] - Mapped URL path [/**/favicon.ico] onto handler of type [class org.springframework.web.servlet.resource.ResourceHttpRequestHandler]
[2018-05-18 16:29:40.550] [main] INFO  org.springframework.web.servlet.mvc.method.annotation.RequestMappingHandlerAdapter[574,RequestMappingHandlerAdapter.java] - Looking for @ControllerAdvice: org.springframework.boot.web.servlet.context.AnnotationConfigServletWebServerApplicationContext@5ae76500: startup date [Fri May 18 16:29:39 CST 2018]; root of context hierarchy
[2018-05-18 16:29:40.590] [main] INFO  org.springframework.web.servlet.mvc.method.annotation.RequestMappingHandlerMapping[547,AbstractHandlerMethodMapping.java] - Mapped "{[/config/test],methods=[GET]}" onto public java.lang.String com.jdddata.middleware.databus.manager.controller.ConfigController.getTest()
[2018-05-18 16:29:40.591] [main] INFO  org.springframework.web.servlet.mvc.method.annotation.RequestMappingHandlerMapping[547,AbstractHandlerMethodMapping.java] - Mapped "{[/config/upload],methods=[POST]}" onto public java.lang.String com.jdddata.middleware.databus.manager.controller.ConfigController.uploadConfigFile(org.springframework.web.multipart.MultipartFile)
[2018-05-18 16:29:40.592] [main] INFO  org.springframework.web.servlet.mvc.method.annotation.RequestMappingHandlerMapping[547,AbstractHandlerMethodMapping.java] - Mapped "{[/canal/start/{contextName}],methods=[POST]}" onto public org.springframework.http.ResponseEntity<java.util.Map<java.lang.String, java.lang.Object>> com.jdddata.middleware.databus.manager.controller.ManagerController.startCanal(java.lang.String)
[2018-05-18 16:29:40.592] [main] INFO  org.springframework.web.servlet.mvc.method.annotation.RequestMappingHandlerMapping[547,AbstractHandlerMethodMapping.java] - Mapped "{[/canal/stop/{contextName}],methods=[POST]}" onto public org.springframework.http.ResponseEntity<java.util.Map<java.lang.String, java.lang.Object>> com.jdddata.middleware.databus.manager.controller.ManagerController.stopCanal(java.lang.String)
[2018-05-18 16:29:40.593] [main] INFO  org.springframework.web.servlet.mvc.method.annotation.RequestMappingHandlerMapping[547,AbstractHandlerMethodMapping.java] - Mapped "{[/error]}" onto public org.springframework.http.ResponseEntity<java.util.Map<java.lang.String, java.lang.Object>> org.springframework.boot.autoconfigure.web.servlet.error.BasicErrorController.error(javax.servlet.http.HttpServletRequest)
[2018-05-18 16:29:40.594] [main] INFO  org.springframework.web.servlet.mvc.method.annotation.RequestMappingHandlerMapping[547,AbstractHandlerMethodMapping.java] - Mapped "{[/error],produces=[text/html]}" onto public org.springframework.web.servlet.ModelAndView org.springframework.boot.autoconfigure.web.servlet.error.BasicErrorController.errorHtml(javax.servlet.http.HttpServletRequest,javax.servlet.http.HttpServletResponse)
[2018-05-18 16:29:40.615] [main] INFO  org.springframework.web.servlet.handler.SimpleUrlHandlerMapping[373,AbstractUrlHandlerMapping.java] - Mapped URL path [/webjars/**] onto handler of type [class org.springframework.web.servlet.resource.ResourceHttpRequestHandler]
[2018-05-18 16:29:40.615] [main] INFO  org.springframework.web.servlet.handler.SimpleUrlHandlerMapping[373,AbstractUrlHandlerMapping.java] - Mapped URL path [/**] onto handler of type [class org.springframework.web.servlet.resource.ResourceHttpRequestHandler]
[2018-05-18 16:29:40.743] [main] INFO  org.springframework.jmx.export.annotation.AnnotationMBeanExporter[433,MBeanExporter.java] - Registering beans for JMX exposure on startup
[2018-05-18 16:29:40.755] [main] INFO  org.apache.coyote.http11.Http11NioProtocol[180,DirectJDKLog.java] - Starting ProtocolHandler ["http-nio-8084"]
[2018-05-18 16:29:40.764] [main] INFO  org.apache.tomcat.util.net.NioSelectorPool[180,DirectJDKLog.java] - Using a shared selector for servlet write/read
[2018-05-18 16:29:40.778] [main] INFO  org.springframework.boot.web.embedded.tomcat.TomcatWebServer[206,TomcatWebServer.java] - Tomcat started on port(s): 8084 (http) with context path ''
[2018-05-18 16:29:40.781] [main] INFO  com.jdddata.middleware.databus.DataBusApplication[59,StartupInfoLogger.java] - Started DataBusApplication in 1.67 seconds (JVM running for 2.623)
